Started GET "/" for 127.0.0.1 at 2018-11-15 22:01:09 -0300
Processing by HomeController#index as HTML
  Rendering home/index.html.erb within layouts/application
  Rendered home/index.html.erb within layouts/application (8.8ms)
Completed 200 OK in 8636ms (Views: 8614.9ms | ActiveRecord: 0.0ms)


  [1m[35m (0.2ms)[0m  [1m[34mSELECT sqlite_version(*)[0m
  ↳ /usr/lib/ruby/vendor_ruby/rake/task.rb:271
  [1m[35m (110.3ms)[0m  [1m[35mCREATE TABLE "schema_migrations" ("version" varchar NOT NULL PRIMARY KEY)[0m
  ↳ /usr/lib/ruby/vendor_ruby/rake/task.rb:271
  [1m[35m (124.6ms)[0m  [1m[35mCREATE TABLE "ar_internal_metadata" ("key" varchar NOT NULL PRIMARY KEY, "value" varchar, "created_at" datetime NOT NULL, "updated_at" datetime NOT NULL)[0m
  ↳ /usr/lib/ruby/vendor_ruby/rake/task.rb:271
  [1m[35m (0.4ms)[0m  [1m[34mSELECT "schema_migrations"."version" FROM "schema_migrations" ORDER BY "schema_migrations"."version" ASC[0m
  ↳ /usr/lib/ruby/vendor_ruby/rake/task.rb:271
Migrating to CreatePublications (20181120004003)
  [1m[35m (0.1ms)[0m  [1m[36mbegin transaction[0m
  ↳ /usr/lib/ruby/vendor_ruby/rake/task.rb:271
  [1m[35m (4.2ms)[0m  [1m[35mCREATE TABLE "publications" ("id" integer PRIMARY KEY AUTOINCREMENT NOT NULL, "legenda" text, "created_at" datetime NOT NULL, "updated_at" datetime NOT NULL)[0m
  ↳ db/migrate/20181120004003_create_publications.rb:3
  [1m[36mActiveRecord::SchemaMigration Create (22.9ms)[0m  [1m[32mINSERT INTO "schema_migrations" ("version") VALUES (?)[0m  [["version", "20181120004003"]]
  ↳ /usr/lib/ruby/vendor_ruby/rake/task.rb:271
  [1m[35m (83.0ms)[0m  [1m[36mcommit transaction[0m
  ↳ /usr/lib/ruby/vendor_ruby/rake/task.rb:271
  [1m[36mActiveRecord::InternalMetadata Load (0.4ms)[0m  [1m[34mSELECT  "ar_internal_metadata".* FROM "ar_internal_metadata" WHERE "ar_internal_metadata"."key" = ? LIMIT ?[0m  [["key", "environment"], ["LIMIT", 1]]
  ↳ /usr/lib/ruby/vendor_ruby/rake/task.rb:271
  [1m[35m (0.2ms)[0m  [1m[36mbegin transaction[0m
  ↳ /usr/lib/ruby/vendor_ruby/rake/task.rb:271
  [1m[36mActiveRecord::InternalMetadata Create (0.6ms)[0m  [1m[32mINSERT INTO "ar_internal_metadata" ("key", "value", "created_at", "updated_at") VALUES (?, ?, ?, ?)[0m  [["key", "environment"], ["value", "development"], ["created_at", "2018-11-20 00:43:36.252451"], ["updated_at", "2018-11-20 00:43:36.252451"]]
  ↳ /usr/lib/ruby/vendor_ruby/rake/task.rb:271
  [1m[35m (90.1ms)[0m  [1m[36mcommit transaction[0m
  ↳ /usr/lib/ruby/vendor_ruby/rake/task.rb:271
  [1m[35m (0.4ms)[0m  [1m[34mSELECT "schema_migrations"."version" FROM "schema_migrations" ORDER BY "schema_migrations"."version" ASC[0m
  ↳ /usr/lib/ruby/vendor_ruby/rake/task.rb:271
Started GET "/" for 127.0.0.1 at 2018-11-19 22:46:00 -0300
  [1m[35m (0.4ms)[0m  [1m[34mSELECT "schema_migrations"."version" FROM "schema_migrations" ORDER BY "schema_migrations"."version" ASC[0m
  ↳ /var/lib/gems/2.5.0/gems/activerecord-5.2.1/lib/active_record/log_subscriber.rb:98
Processing by HomeController#index as HTML
  Rendering home/index.html.erb within layouts/application
  Rendered home/index.html.erb within layouts/application (97.6ms)
Completed 500 Internal Server Error in 356ms (ActiveRecord: 0.0ms)


  
ActionView::Template::Error (undefined method `each' for nil:NilClass):
    1: <h1>Bem vindo a rede social Friends!</h1
    2: 
    3: <% @publications.each do |publication| %>
    4: <%= publication.legenda %>
    5: <% end %>
  
app/views/home/index.html.erb:3:in `_app_views_home_index_html_erb___2491127045101541480_70283851566560'
  [1m[35m (0.5ms)[0m  [1m[34mSELECT "schema_migrations"."version" FROM "schema_migrations" ORDER BY "schema_migrations"."version" ASC[0m
  ↳ /usr/lib/ruby/vendor_ruby/rake/task.rb:271
  [1m[36mActiveRecord::InternalMetadata Load (22.4ms)[0m  [1m[34mSELECT  "ar_internal_metadata".* FROM "ar_internal_metadata" WHERE "ar_internal_metadata"."key" = ? LIMIT ?[0m  [["key", "environment"], ["LIMIT", 1]]
  ↳ /usr/lib/ruby/vendor_ruby/rake/task.rb:271
  [1m[35m (0.2ms)[0m  [1m[36mbegin transaction[0m
  ↳ /usr/lib/ruby/vendor_ruby/rake/task.rb:271
  [1m[35m (0.1ms)[0m  [1m[36mcommit transaction[0m
  ↳ /usr/lib/ruby/vendor_ruby/rake/task.rb:271
  [1m[35m (0.2ms)[0m  [1m[34mSELECT "schema_migrations"."version" FROM "schema_migrations" ORDER BY "schema_migrations"."version" ASC[0m
  ↳ /usr/lib/ruby/vendor_ruby/rake/task.rb:271
Started GET "/" for 127.0.0.1 at 2018-11-25 01:10:01 -0300
  [1m[35m (1.0ms)[0m  [1m[34mSELECT "schema_migrations"."version" FROM "schema_migrations" ORDER BY "schema_migrations"."version" ASC[0m
  ↳ /var/lib/gems/2.5.0/gems/activerecord-5.2.1/lib/active_record/log_subscriber.rb:98
Processing by HomeController#index as HTML
  Rendering home/index.html.erb within layouts/application
  [1m[36mPublication Load (9.8ms)[0m  [1m[34mSELECT "publications".* FROM "publications"[0m
  ↳ app/views/home/index.html.erb:3
  Rendered home/index.html.erb within layouts/application (31.7ms)
Completed 200 OK in 781ms (Views: 742.6ms | ActiveRecord: 10.6ms)


  [1m[35m (0.4ms)[0m  [1m[34mSELECT "schema_migrations"."version" FROM "schema_migrations" ORDER BY "schema_migrations"."version" ASC[0m
  ↳ /usr/lib/ruby/vendor_ruby/rake/task.rb:271
  [1m[36mActiveRecord::InternalMetadata Load (14.7ms)[0m  [1m[34mSELECT  "ar_internal_metadata".* FROM "ar_internal_metadata" WHERE "ar_internal_metadata"."key" = ? LIMIT ?[0m  [["key", "environment"], ["LIMIT", 1]]
  ↳ /usr/lib/ruby/vendor_ruby/rake/task.rb:271
  [1m[35m (0.1ms)[0m  [1m[36mbegin transaction[0m
  ↳ /usr/lib/ruby/vendor_ruby/rake/task.rb:271
  [1m[35m (0.1ms)[0m  [1m[36mcommit transaction[0m
  ↳ /usr/lib/ruby/vendor_ruby/rake/task.rb:271
  [1m[35m (0.2ms)[0m  [1m[34mSELECT "schema_migrations"."version" FROM "schema_migrations" ORDER BY "schema_migrations"."version" ASC[0m
  ↳ /usr/lib/ruby/vendor_ruby/rake/task.rb:271
  [1m[35m (0.2ms)[0m  [1m[36mbegin transaction[0m
  [1m[36mPublication Create (18.9ms)[0m  [1m[32mINSERT INTO "publications" ("legenda", "created_at", "updated_at") VALUES (?, ?, ?)[0m  [["legenda", "Fds Show!!!"], ["created_at", "2018-11-25 23:28:23.991037"], ["updated_at", "2018-11-25 23:28:23.991037"]]
  [1m[35m (69.2ms)[0m  [1m[36mcommit transaction[0m
  [1m[35m (0.2ms)[0m  [1m[36mbegin transaction[0m
  [1m[36mPublication Create (0.8ms)[0m  [1m[32mINSERT INTO "publications" ("legenda", "created_at", "updated_at") VALUES (?, ?, ?)[0m  [["legenda", "Tudo posso Naquele que me fortalece!"], ["created_at", "2018-11-25 23:31:06.386406"], ["updated_at", "2018-11-25 23:31:06.386406"]]
  [1m[35m (87.8ms)[0m  [1m[36mcommit transaction[0m
Started GET "/" for 127.0.0.1 at 2018-11-25 20:31:13 -0300
  [1m[35m (8.4ms)[0m  [1m[34mSELECT "schema_migrations"."version" FROM "schema_migrations" ORDER BY "schema_migrations"."version" ASC[0m
  ↳ /var/lib/gems/2.5.0/gems/activerecord-5.2.1/lib/active_record/log_subscriber.rb:98
Processing by HomeController#index as HTML
  Rendering home/index.html.erb within layouts/application
  [1m[36mPublication Load (0.4ms)[0m  [1m[34mSELECT "publications".* FROM "publications"[0m
  ↳ app/views/home/index.html.erb:3
  Rendered home/index.html.erb within layouts/application (44.7ms)
Completed 200 OK in 768ms (Views: 718.9ms | ActiveRecord: 1.9ms)


Started GET "/" for 127.0.0.1 at 2018-11-25 20:56:42 -0300
Processing by HomeController#index as HTML
  Rendering home/index.html.erb within layouts/application
  [1m[36mPublication Load (0.4ms)[0m  [1m[34mSELECT "publications".* FROM "publications"[0m
  ↳ app/views/home/index.html.erb:6
  Rendered home/index.html.erb within layouts/application (33.1ms)
Completed 200 OK in 326ms (Views: 229.5ms | ActiveRecord: 0.4ms)


Started GET "/" for 127.0.0.1 at 2018-11-25 20:58:19 -0300
Processing by HomeController#index as HTML
  Rendering home/index.html.erb within layouts/application
  [1m[36mPublication Load (2.6ms)[0m  [1m[34mSELECT "publications".* FROM "publications"[0m
  ↳ app/views/home/index.html.erb:6
  Rendered home/index.html.erb within layouts/application (7.9ms)
Completed 200 OK in 54ms (Views: 49.1ms | ActiveRecord: 2.6ms)


Started GET "/" for 127.0.0.1 at 2018-11-25 20:58:36 -0300
Processing by HomeController#index as HTML
  Rendering home/index.html.erb within layouts/application
  [1m[36mPublication Load (0.5ms)[0m  [1m[34mSELECT "publications".* FROM "publications"[0m
  ↳ app/views/home/index.html.erb:6
  Rendered home/index.html.erb within layouts/application (5.6ms)
Completed 200 OK in 55ms (Views: 52.1ms | ActiveRecord: 0.5ms)


Started GET "/" for 127.0.0.1 at 2018-11-25 20:59:46 -0300
Processing by HomeController#index as HTML
  Rendering home/index.html.erb within layouts/application
  [1m[36mPublication Load (0.4ms)[0m  [1m[34mSELECT "publications".* FROM "publications"[0m
  ↳ app/views/home/index.html.erb:6
  Rendered home/index.html.erb within layouts/application (7.0ms)
Completed 200 OK in 73ms (Views: 70.8ms | ActiveRecord: 0.4ms)


Started GET "/" for 127.0.0.1 at 2018-11-25 21:00:05 -0300
Processing by HomeController#index as HTML
  Rendering home/index.html.erb within layouts/application
  [1m[36mPublication Load (0.4ms)[0m  [1m[34mSELECT "publications".* FROM "publications"[0m
  ↳ app/views/home/index.html.erb:6
  Rendered home/index.html.erb within layouts/application (3.5ms)
Completed 200 OK in 64ms (Views: 61.7ms | ActiveRecord: 0.4ms)


Started GET "/" for 127.0.0.1 at 2018-11-25 21:01:11 -0300
Processing by HomeController#index as HTML
  Rendering home/index.html.erb within layouts/application
  [1m[36mPublication Load (0.4ms)[0m  [1m[34mSELECT "publications".* FROM "publications"[0m
  ↳ app/views/home/index.html.erb:6
  Rendered home/index.html.erb within layouts/application (6.1ms)
Completed 200 OK in 52ms (Views: 49.4ms | ActiveRecord: 0.4ms)


Started GET "/" for 127.0.0.1 at 2018-11-25 21:01:49 -0300
Processing by HomeController#index as HTML
  Rendering home/index.html.erb within layouts/application
  [1m[36mPublication Load (0.4ms)[0m  [1m[34mSELECT "publications".* FROM "publications"[0m
  ↳ app/views/home/index.html.erb:6
  Rendered home/index.html.erb within layouts/application (5.4ms)
Completed 200 OK in 51ms (Views: 45.6ms | ActiveRecord: 0.4ms)


Started GET "/" for 127.0.0.1 at 2018-11-25 21:01:50 -0300
Processing by HomeController#index as HTML
  Rendering home/index.html.erb within layouts/application
  [1m[36mPublication Load (0.4ms)[0m  [1m[34mSELECT "publications".* FROM "publications"[0m
  ↳ app/views/home/index.html.erb:6
  Rendered home/index.html.erb within layouts/application (6.5ms)
Completed 200 OK in 69ms (Views: 65.5ms | ActiveRecord: 0.4ms)


Started GET "/" for 127.0.0.1 at 2018-11-25 21:01:51 -0300
Processing by HomeController#index as HTML
  Rendering home/index.html.erb within layouts/application
  [1m[36mPublication Load (0.4ms)[0m  [1m[34mSELECT "publications".* FROM "publications"[0m
  ↳ app/views/home/index.html.erb:6
  Rendered home/index.html.erb within layouts/application (5.5ms)
Completed 200 OK in 68ms (Views: 66.0ms | ActiveRecord: 0.4ms)


Started GET "/" for 127.0.0.1 at 2018-11-25 21:01:52 -0300
Processing by HomeController#index as HTML
  Rendering home/index.html.erb within layouts/application
  [1m[36mPublication Load (0.5ms)[0m  [1m[34mSELECT "publications".* FROM "publications"[0m
  ↳ app/views/home/index.html.erb:6
  Rendered home/index.html.erb within layouts/application (4.5ms)
Completed 200 OK in 49ms (Views: 46.5ms | ActiveRecord: 0.5ms)


Started GET "/" for 127.0.0.1 at 2018-11-25 21:01:53 -0300
Processing by HomeController#index as HTML
  Rendering home/index.html.erb within layouts/application
  [1m[36mPublication Load (0.5ms)[0m  [1m[34mSELECT "publications".* FROM "publications"[0m
  ↳ app/views/home/index.html.erb:6
  Rendered home/index.html.erb within layouts/application (7.4ms)
Completed 200 OK in 52ms (Views: 49.0ms | ActiveRecord: 0.5ms)


Started GET "/" for 127.0.0.1 at 2018-11-26 12:57:01 -0300
  [1m[35m (0.4ms)[0m  [1m[34mSELECT "schema_migrations"."version" FROM "schema_migrations" ORDER BY "schema_migrations"."version" ASC[0m
  ↳ /var/lib/gems/2.5.0/gems/activerecord-5.2.1/lib/active_record/log_subscriber.rb:98
Processing by HomeController#index as HTML
  Rendering home/index.html.erb within layouts/application
  [1m[36mPublication Load (10.6ms)[0m  [1m[34mSELECT "publications".* FROM "publications"[0m
  ↳ app/views/home/index.html.erb:6
  Rendered home/index.html.erb within layouts/application (78.4ms)
Completed 200 OK in 8089ms (Views: 8017.3ms | ActiveRecord: 12.5ms)


Started GET "/" for 127.0.0.1 at 2018-11-26 12:59:49 -0300
Processing by HomeController#index as HTML
  Rendering home/index.html.erb within layouts/application
  [1m[36mPublication Load (0.4ms)[0m  [1m[34mSELECT "publications".* FROM "publications"[0m
  ↳ app/views/home/index.html.erb:6
  Rendered home/index.html.erb within layouts/application (3.5ms)
Completed 200 OK in 78ms (Views: 75.3ms | ActiveRecord: 0.4ms)


Started GET "/" for 127.0.0.1 at 2018-11-26 12:59:59 -0300
Processing by HomeController#index as HTML
  Rendering home/index.html.erb within layouts/application
  [1m[36mPublication Load (0.4ms)[0m  [1m[34mSELECT "publications".* FROM "publications"[0m
  ↳ app/views/home/index.html.erb:6
  Rendered home/index.html.erb within layouts/application (5.7ms)
Completed 200 OK in 65ms (Views: 62.8ms | ActiveRecord: 0.4ms)


Started GET "/" for 127.0.0.1 at 2018-11-26 20:01:00 -0300
Processing by HomeController#index as HTML
  Rendering home/index.html.erb within layouts/application
  [1m[36mPublication Load (74.4ms)[0m  [1m[34mSELECT "publications".* FROM "publications"[0m
  ↳ app/views/home/index.html.erb:7
  Rendered home/index.html.erb within layouts/application (427.3ms)
Completed 200 OK in 4974ms (Views: 4316.5ms | ActiveRecord: 74.4ms)


Started GET "/" for 127.0.0.1 at 2018-11-26 20:02:09 -0300
Processing by HomeController#index as HTML
  Rendering home/index.html.erb within layouts/application
  [1m[36mPublication Load (0.5ms)[0m  [1m[34mSELECT "publications".* FROM "publications"[0m
  ↳ app/views/home/index.html.erb:7
  Rendered home/index.html.erb within layouts/application (3.4ms)
Completed 200 OK in 79ms (Views: 76.2ms | ActiveRecord: 0.5ms)


Started GET "/" for 127.0.0.1 at 2018-11-26 20:02:39 -0300
Processing by HomeController#index as HTML
  Rendering home/index.html.erb within layouts/application
  [1m[36mPublication Load (0.4ms)[0m  [1m[34mSELECT "publications".* FROM "publications"[0m
  ↳ app/views/home/index.html.erb:7
  Rendered home/index.html.erb within layouts/application (3.2ms)
Completed 200 OK in 68ms (Views: 65.5ms | ActiveRecord: 0.4ms)


Started GET "/" for 127.0.0.1 at 2018-11-26 20:02:40 -0300
Processing by HomeController#index as HTML
  Rendering home/index.html.erb within layouts/application
  [1m[36mPublication Load (0.4ms)[0m  [1m[34mSELECT "publications".* FROM "publications"[0m
  ↳ app/views/home/index.html.erb:7
  Rendered home/index.html.erb within layouts/application (4.1ms)
Completed 200 OK in 74ms (Views: 71.1ms | ActiveRecord: 0.4ms)


Started GET "/" for 127.0.0.1 at 2018-11-26 20:13:07 -0300
Processing by HomeController#index as HTML
  Rendering home/index.html.erb within layouts/application
  [1m[36mPublication Load (129.6ms)[0m  [1m[34mSELECT "publications".* FROM "publications"[0m
  ↳ app/views/home/index.html.erb:7
  Rendered home/index.html.erb within layouts/application (261.1ms)
Completed 200 OK in 3569ms (Views: 2922.0ms | ActiveRecord: 129.6ms)


Started GET "/" for 127.0.0.1 at 2018-11-26 20:14:45 -0300
Processing by HomeController#index as HTML
  Rendering home/index.html.erb within layouts/application
  [1m[36mPublication Load (0.4ms)[0m  [1m[34mSELECT "publications".* FROM "publications"[0m
  ↳ app/views/home/index.html.erb:7
  Rendered home/index.html.erb within layouts/application (2.7ms)
Completed 200 OK in 72ms (Views: 69.6ms | ActiveRecord: 0.4ms)


Started GET "/" for 127.0.0.1 at 2018-11-26 20:15:22 -0300
Processing by HomeController#index as HTML
  Rendering home/index.html.erb within layouts/application
  [1m[36mPublication Load (0.3ms)[0m  [1m[34mSELECT "publications".* FROM "publications"[0m
  ↳ app/views/home/index.html.erb:7
  Rendered home/index.html.erb within layouts/application (2.9ms)
Completed 200 OK in 65ms (Views: 62.2ms | ActiveRecord: 0.3ms)


Started GET "/" for 127.0.0.1 at 2018-11-26 20:15:23 -0300
Processing by HomeController#index as HTML
  Rendering home/index.html.erb within layouts/application
  [1m[36mPublication Load (0.6ms)[0m  [1m[34mSELECT "publications".* FROM "publications"[0m
  ↳ app/views/home/index.html.erb:7
  Rendered home/index.html.erb within layouts/application (4.0ms)
Completed 200 OK in 80ms (Views: 77.4ms | ActiveRecord: 0.6ms)


Started GET "/" for 127.0.0.1 at 2018-11-26 20:15:25 -0300
Processing by HomeController#index as HTML
  Rendering home/index.html.erb within layouts/application
  [1m[36mPublication Load (0.5ms)[0m  [1m[34mSELECT "publications".* FROM "publications"[0m
  ↳ app/views/home/index.html.erb:7
  Rendered home/index.html.erb within layouts/application (3.9ms)
Completed 200 OK in 87ms (Views: 84.0ms | ActiveRecord: 0.5ms)


Started GET "/" for 127.0.0.1 at 2018-11-26 20:15:45 -0300
Processing by HomeController#index as HTML
  Rendering home/index.html.erb within layouts/application
  [1m[36mPublication Load (0.8ms)[0m  [1m[34mSELECT "publications".* FROM "publications"[0m
  ↳ app/views/home/index.html.erb:7
  Rendered home/index.html.erb within layouts/application (3.8ms)
Completed 200 OK in 128ms (Views: 124.6ms | ActiveRecord: 0.8ms)


Started GET "/" for 127.0.0.1 at 2018-11-26 20:31:05 -0300
Processing by HomeController#index as HTML
  Rendering home/index.html.erb within layouts/application
  [1m[36mPublication Load (0.4ms)[0m  [1m[34mSELECT "publications".* FROM "publications"[0m
  ↳ app/views/home/index.html.erb:8
  Rendered home/index.html.erb within layouts/application (3.4ms)
Completed 200 OK in 141ms (Views: 137.4ms | ActiveRecord: 0.4ms)


Started GET "/" for 127.0.0.1 at 2018-11-26 20:34:07 -0300
Processing by HomeController#index as HTML
  Rendering home/index.html.erb within layouts/application
  [1m[36mPublication Load (0.5ms)[0m  [1m[34mSELECT "publications".* FROM "publications"[0m
  ↳ app/views/home/index.html.erb:8
  Rendered home/index.html.erb within layouts/application (3.4ms)
Completed 200 OK in 97ms (Views: 93.9ms | ActiveRecord: 0.5ms)


Started GET "/" for 127.0.0.1 at 2018-11-26 20:34:38 -0300
Processing by HomeController#index as HTML
  Rendering home/index.html.erb within layouts/application
  [1m[36mPublication Load (0.8ms)[0m  [1m[34mSELECT "publications".* FROM "publications"[0m
  ↳ app/views/home/index.html.erb:8
  Rendered home/index.html.erb within layouts/application (7.0ms)
Completed 200 OK in 84ms (Views: 81.4ms | ActiveRecord: 0.8ms)


Started GET "/" for 127.0.0.1 at 2018-11-26 20:35:20 -0300
Processing by HomeController#index as HTML
  Rendering home/index.html.erb within layouts/application
  [1m[36mPublication Load (0.4ms)[0m  [1m[34mSELECT "publications".* FROM "publications"[0m
  ↳ app/views/home/index.html.erb:8
  Rendered home/index.html.erb within layouts/application (4.8ms)
Completed 200 OK in 97ms (Views: 94.3ms | ActiveRecord: 0.4ms)


Started GET "/" for 127.0.0.1 at 2018-11-26 20:35:39 -0300
Processing by HomeController#index as HTML
  Rendering home/index.html.erb within layouts/application
  [1m[36mPublication Load (4.1ms)[0m  [1m[34mSELECT "publications".* FROM "publications"[0m
  ↳ app/views/home/index.html.erb:8
  Rendered home/index.html.erb within layouts/application (6.6ms)
Completed 200 OK in 72ms (Views: 66.0ms | ActiveRecord: 4.1ms)


Started GET "/" for 127.0.0.1 at 2018-11-26 20:36:05 -0300
Processing by HomeController#index as HTML
  Rendering home/index.html.erb within layouts/application
  [1m[36mPublication Load (0.4ms)[0m  [1m[34mSELECT "publications".* FROM "publications"[0m
  ↳ app/views/home/index.html.erb:8
  Rendered home/index.html.erb within layouts/application (4.3ms)
Completed 200 OK in 67ms (Views: 64.5ms | ActiveRecord: 0.4ms)


Started GET "/" for 127.0.0.1 at 2018-11-26 20:36:07 -0300
Processing by HomeController#index as HTML
  Rendering home/index.html.erb within layouts/application
  [1m[36mPublication Load (0.4ms)[0m  [1m[34mSELECT "publications".* FROM "publications"[0m
  ↳ app/views/home/index.html.erb:8
  Rendered home/index.html.erb within layouts/application (2.9ms)
Completed 200 OK in 67ms (Views: 65.1ms | ActiveRecord: 0.4ms)


Started GET "/" for 127.0.0.1 at 2018-11-26 20:36:20 -0300
Processing by HomeController#index as HTML
  Rendering home/index.html.erb within layouts/application
  [1m[36mPublication Load (0.4ms)[0m  [1m[34mSELECT "publications".* FROM "publications"[0m
  ↳ app/views/home/index.html.erb:8
  Rendered home/index.html.erb within layouts/application (5.1ms)
Completed 200 OK in 67ms (Views: 64.4ms | ActiveRecord: 0.4ms)


Started GET "/" for 127.0.0.1 at 2018-11-26 20:36:56 -0300
Processing by HomeController#index as HTML
  Rendering home/index.html.erb within layouts/application
  [1m[36mPublication Load (0.4ms)[0m  [1m[34mSELECT "publications".* FROM "publications"[0m
  ↳ app/views/home/index.html.erb:8
  Rendered home/index.html.erb within layouts/application (3.1ms)
Completed 200 OK in 62ms (Views: 59.8ms | ActiveRecord: 0.4ms)


Started GET "/" for 127.0.0.1 at 2018-11-26 20:36:57 -0300
Processing by HomeController#index as HTML
  Rendering home/index.html.erb within layouts/application
  [1m[36mPublication Load (0.4ms)[0m  [1m[34mSELECT "publications".* FROM "publications"[0m
  ↳ app/views/home/index.html.erb:8
  Rendered home/index.html.erb within layouts/application (4.6ms)
Completed 200 OK in 71ms (Views: 68.2ms | ActiveRecord: 0.4ms)


Started GET "/" for 127.0.0.1 at 2018-11-26 20:38:40 -0300
Processing by HomeController#index as HTML
  Rendering home/index.html.erb within layouts/application
  [1m[36mPublication Load (0.5ms)[0m  [1m[34mSELECT "publications".* FROM "publications"[0m
  ↳ app/views/home/index.html.erb:7
  Rendered home/index.html.erb within layouts/application (3.3ms)
Completed 200 OK in 77ms (Views: 73.4ms | ActiveRecord: 0.5ms)


Started GET "/" for 127.0.0.1 at 2018-11-26 20:39:06 -0300
Processing by HomeController#index as HTML
  Rendering home/index.html.erb within layouts/application
  [1m[36mPublication Load (1.6ms)[0m  [1m[34mSELECT "publications".* FROM "publications"[0m
  ↳ app/views/home/index.html.erb:7
  Rendered home/index.html.erb within layouts/application (4.0ms)
Completed 200 OK in 71ms (Views: 67.2ms | ActiveRecord: 1.6ms)


Started GET "/" for 127.0.0.1 at 2018-11-26 20:39:25 -0300
Processing by HomeController#index as HTML
  Rendering home/index.html.erb within layouts/application
  [1m[36mPublication Load (0.3ms)[0m  [1m[34mSELECT "publications".* FROM "publications"[0m
  ↳ app/views/home/index.html.erb:7
  Rendered home/index.html.erb within layouts/application (4.0ms)
Completed 200 OK in 84ms (Views: 81.8ms | ActiveRecord: 0.3ms)


Started GET "/" for 127.0.0.1 at 2018-11-26 20:39:43 -0300
Processing by HomeController#index as HTML
  Rendering home/index.html.erb within layouts/application
  [1m[36mPublication Load (0.4ms)[0m  [1m[34mSELECT "publications".* FROM "publications"[0m
  ↳ app/views/home/index.html.erb:7
  Rendered home/index.html.erb within layouts/application (7.1ms)
Completed 200 OK in 76ms (Views: 72.7ms | ActiveRecord: 0.4ms)


Started GET "/" for 127.0.0.1 at 2018-11-26 20:41:51 -0300
Processing by HomeController#index as HTML
  Rendering home/index.html.erb within layouts/application
  [1m[36mPublication Load (0.5ms)[0m  [1m[34mSELECT "publications".* FROM "publications"[0m
  ↳ app/views/home/index.html.erb:7
  Rendered home/index.html.erb within layouts/application (354.5ms)
Completed 200 OK in 488ms (Views: 485.5ms | ActiveRecord: 0.5ms)


Started GET "/" for 127.0.0.1 at 2018-11-26 20:52:52 -0300
Processing by HomeController#index as HTML
  Rendering home/index.html.erb within layouts/application
  [1m[36mPublication Load (22.5ms)[0m  [1m[34mSELECT "publications".* FROM "publications"[0m
  ↳ app/views/home/index.html.erb:7
  Rendered home/index.html.erb within layouts/application (140.3ms)
Completed 200 OK in 461ms (Views: 435.8ms | ActiveRecord: 22.5ms)


Started GET "/" for 127.0.0.1 at 2018-11-26 20:59:56 -0300
Processing by HomeController#index as HTML
  Rendering home/index.html.erb within layouts/application
  [1m[36mPublication Load (0.6ms)[0m  [1m[34mSELECT "publications".* FROM "publications"[0m
  ↳ app/views/home/index.html.erb:16
  Rendered home/index.html.erb within layouts/application (59.3ms)
Completed 200 OK in 1187ms (Views: 1183.9ms | ActiveRecord: 0.6ms)


Started GET "/" for 127.0.0.1 at 2018-11-26 21:00:56 -0300
Processing by HomeController#index as HTML
  Rendering home/index.html.erb within layouts/application
  [1m[36mPublication Load (0.6ms)[0m  [1m[34mSELECT "publications".* FROM "publications"[0m
  ↳ app/views/home/index.html.erb:17
  Rendered home/index.html.erb within layouts/application (19.3ms)
Completed 200 OK in 776ms (Views: 752.9ms | ActiveRecord: 0.6ms)


Started GET "/" for 127.0.0.1 at 2018-11-26 21:01:18 -0300
Processing by HomeController#index as HTML
  Rendering home/index.html.erb within layouts/application
  [1m[36mPublication Load (0.4ms)[0m  [1m[34mSELECT "publications".* FROM "publications"[0m
  ↳ app/views/home/index.html.erb:17
  Rendered home/index.html.erb within layouts/application (10.8ms)
Completed 200 OK in 646ms (Views: 622.8ms | ActiveRecord: 0.4ms)


Started GET "/" for 127.0.0.1 at 2018-11-26 21:01:34 -0300
Processing by HomeController#index as HTML
  Rendering home/index.html.erb within layouts/application
  [1m[36mPublication Load (15.3ms)[0m  [1m[34mSELECT "publications".* FROM "publications"[0m
  ↳ app/views/home/index.html.erb:17
  Rendered home/index.html.erb within layouts/application (71.3ms)
Completed 200 OK in 619ms (Views: 591.8ms | ActiveRecord: 15.3ms)


Started GET "/" for 127.0.0.1 at 2018-11-26 21:01:59 -0300
Processing by HomeController#index as HTML
  Rendering home/index.html.erb within layouts/application
  [1m[36mPublication Load (12.9ms)[0m  [1m[34mSELECT "publications".* FROM "publications"[0m
  ↳ app/views/home/index.html.erb:17
  Rendered home/index.html.erb within layouts/application (54.6ms)
Completed 200 OK in 189ms (Views: 174.0ms | ActiveRecord: 12.9ms)


Started GET "/" for 127.0.0.1 at 2018-11-26 21:02:37 -0300
Processing by HomeController#index as HTML
  Rendering home/index.html.erb within layouts/application
  [1m[36mPublication Load (0.5ms)[0m  [1m[34mSELECT "publications".* FROM "publications"[0m
  ↳ app/views/home/index.html.erb:18
  Rendered home/index.html.erb within layouts/application (30.4ms)
Completed 200 OK in 245ms (Views: 242.7ms | ActiveRecord: 0.5ms)


Started GET "/" for 127.0.0.1 at 2018-11-26 21:03:40 -0300
Processing by HomeController#index as HTML
  Rendering home/index.html.erb within layouts/application
  [1m[36mPublication Load (0.7ms)[0m  [1m[34mSELECT "publications".* FROM "publications"[0m
  ↳ app/views/home/index.html.erb:16
  Rendered home/index.html.erb within layouts/application (28.8ms)
Completed 200 OK in 377ms (Views: 345.5ms | ActiveRecord: 0.7ms)


Started GET "/" for 127.0.0.1 at 2018-11-26 21:04:17 -0300
Processing by HomeController#index as HTML
  Rendering home/index.html.erb within layouts/application
  [1m[36mPublication Load (0.4ms)[0m  [1m[34mSELECT "publications".* FROM "publications"[0m
  ↳ app/views/home/index.html.erb:16
  Rendered home/index.html.erb within layouts/application (59.0ms)
Completed 200 OK in 215ms (Views: 212.5ms | ActiveRecord: 0.4ms)


Started GET "/" for 127.0.0.1 at 2018-11-26 21:04:52 -0300
Processing by HomeController#index as HTML
  Rendering home/index.html.erb within layouts/application
  [1m[36mPublication Load (0.4ms)[0m  [1m[34mSELECT "publications".* FROM "publications"[0m
  ↳ app/views/home/index.html.erb:16
  Rendered home/index.html.erb within layouts/application (26.6ms)
Completed 200 OK in 143ms (Views: 140.0ms | ActiveRecord: 0.4ms)


Started GET "/" for 127.0.0.1 at 2018-11-26 21:04:57 -0300
Processing by HomeController#index as HTML
  Rendering home/index.html.erb within layouts/application
  [1m[36mPublication Load (0.4ms)[0m  [1m[34mSELECT "publications".* FROM "publications"[0m
  ↳ app/views/home/index.html.erb:16
  Rendered home/index.html.erb within layouts/application (47.1ms)
Completed 200 OK in 109ms (Views: 106.2ms | ActiveRecord: 0.4ms)


Started GET "/" for 127.0.0.1 at 2018-11-26 21:04:58 -0300
Processing by HomeController#index as HTML
  Rendering home/index.html.erb within layouts/application
  [1m[36mPublication Load (0.4ms)[0m  [1m[34mSELECT "publications".* FROM "publications"[0m
  ↳ app/views/home/index.html.erb:16
  Rendered home/index.html.erb within layouts/application (2.9ms)
Completed 200 OK in 117ms (Views: 114.5ms | ActiveRecord: 0.4ms)


Started GET "/" for 127.0.0.1 at 2018-11-26 21:04:59 -0300
Processing by HomeController#index as HTML
  Rendering home/index.html.erb within layouts/application
  [1m[36mPublication Load (0.4ms)[0m  [1m[34mSELECT "publications".* FROM "publications"[0m
  ↳ app/views/home/index.html.erb:16
  Rendered home/index.html.erb within layouts/application (17.1ms)
Completed 200 OK in 123ms (Views: 120.6ms | ActiveRecord: 0.4ms)


Started GET "/" for 127.0.0.1 at 2018-11-26 21:05:31 -0300
Processing by HomeController#index as HTML
  Rendering home/index.html.erb within layouts/application
  [1m[36mPublication Load (0.4ms)[0m  [1m[34mSELECT "publications".* FROM "publications"[0m
  ↳ app/views/home/index.html.erb:16
  Rendered home/index.html.erb within layouts/application (32.0ms)
Completed 200 OK in 146ms (Views: 143.1ms | ActiveRecord: 0.4ms)


Started GET "/" for 127.0.0.1 at 2018-11-26 21:06:16 -0300
Processing by HomeController#index as HTML
  Rendering home/index.html.erb within layouts/application
  [1m[36mPublication Load (0.4ms)[0m  [1m[34mSELECT "publications".* FROM "publications"[0m
  ↳ app/views/home/index.html.erb:16
  Rendered home/index.html.erb within layouts/application (21.7ms)
Completed 200 OK in 93ms (Views: 90.7ms | ActiveRecord: 0.4ms)


Started GET "/" for 127.0.0.1 at 2018-11-26 21:06:32 -0300
Processing by HomeController#index as HTML
  Rendering home/index.html.erb within layouts/application
  [1m[36mPublication Load (0.5ms)[0m  [1m[34mSELECT "publications".* FROM "publications"[0m
  ↳ app/views/home/index.html.erb:16
  Rendered home/index.html.erb within layouts/application (27.2ms)
Completed 200 OK in 115ms (Views: 112.1ms | ActiveRecord: 0.5ms)


